2018-09-26
Dando o pull.. 
From https://github.com/TopZeraProductions/LinguagemProgramacaoII
 * branch            master     -> FETCH_HEAD
Already up to date.
Status.. 
No ramo master
Your branch is up to date with 'origin/master'.

Changes not staged for commit:
  (utilize "git add/rm <arquivo>..." para atualizar o que será submetido)
  (utilize "git checkout -- <arquivo>..." para descartar mudanças no diretório de trabalho)

	deleted:    test_ex01_dormir.py
	deleted:    test_ex02_alunos_problema.py
	deleted:    test_ex03_soma_dobro.py
	deleted:    test_ex05_papagaio.py
	deleted:    test_ex06_dez.py

Arquivos não monitorados:
  (utilize "git add <arquivo>..." para incluir o que será submetido)

	atividades/
	atividadesContinuas/
	logGit.log

nenhuma modificação adicionada à submissão (utilize "git add" e/ou "git commit -a")
Add to stage area.. 
